<?xml version="1.0" encoding="utf-8"?><testsuites><testsuite name="pytest" errors="0" failures="0" skipped="0" tests="18" time="20.242" timestamp="2025-05-06T09:56:29.129384+00:00" hostname="github-actions.vm.mmb.pcb.ub.es"><testcase classname="biobb_pdb_tools.test.unitests.test_pdb_tools.test_pdb_chain.TestPdbChain" name="test_pdbchain" time="0.678" /><testcase classname="biobb_pdb_tools.test.unitests.test_pdb_tools.test_pdb_chainxseg.TestPdbChainxseg" name="test_chainxseg" time="0.614" /><testcase classname="biobb_pdb_tools.test.unitests.test_pdb_tools.test_pdb_delhetatm.TestPdbdelhetatm" name="test_delhetatm" time="0.618" /><testcase classname="biobb_pdb_tools.test.unitests.test_pdb_tools.test_pdb_fetch.TestPdbFetch" name="test_pdbfetch" time="2.994" /><testcase classname="biobb_pdb_tools.test.unitests.test_pdb_tools.test_pdb_fixinsert.TestFixInsert" name="test_pdb_fixinsert" time="1.956" /><testcase classname="biobb_pdb_tools.test.unitests.test_pdb_tools.test_pdb_keepcord.TestPdbKeepCoord" name="test_pdbkeepcoord" time="0.600" /><testcase classname="biobb_pdb_tools.test.unitests.test_pdb_tools.test_pdb_merge.TestPdbMerge" name="test_pdbmerge" time="0.612" /><testcase classname="biobb_pdb_tools.test.unitests.test_pdb_tools.test_pdb_mkensemble.TestPdbMkensemble" name="test_mkensemble" time="0.651" /><testcase classname="biobb_pdb_tools.test.unitests.test_pdb_tools.test_pdb_reres.TestPdbreres" name="test_pdbreres" time="0.605" /><testcase classname="biobb_pdb_tools.test.unitests.test_pdb_tools.test_pdb_seg.TestPdbseg" name="test_pdbseg" time="1.192" /><testcase classname="biobb_pdb_tools.test.unitests.test_pdb_tools.test_pdb_selaltloc.TestPdbSelAltLoc" name="test_pdbselaltloc" time="0.559" /><testcase classname="biobb_pdb_tools.test.unitests.test_pdb_tools.test_pdb_selchain.TestPdbSelChain" name="test_pdb_selchain" time="0.561" /><testcase classname="biobb_pdb_tools.test.unitests.test_pdb_tools.test_pdb_selres.TestPdbSelres" name="test_pdb_selres" time="0.511" /><testcase classname="biobb_pdb_tools.test.unitests.test_pdb_tools.test_pdb_splitmodel.TestPdbpdbsplitmodel" name="test_splitmodel" time="3.213" /><testcase classname="biobb_pdb_tools.test.unitests.test_pdb_tools.test_pdb_splitseg.TestPdbpdbsplitseg" name="test_splitseg" time="0.951" /><testcase classname="biobb_pdb_tools.test.unitests.test_pdb_tools.test_pdb_tidy.TestPdbTidy" name="test_pdbtidy" time="0.609" /><testcase classname="biobb_pdb_tools.test.unitests.test_pdb_tools.test_pdb_tofasta.TestPdbTidy" name="test_pdbtofasta" time="0.529" /><testcase classname="biobb_pdb_tools.test.unitests.test_pdb_tools.test_pdb_uniqname.TestPdbUniqname" name="test_pdbtofasta" time="0.554" /></testsuite></testsuites>