<?xml version="1.0" encoding="utf-8"?><testsuites><testsuite name="pytest" errors="0" failures="0" skipped="0" tests="13" time="7.428" timestamp="2024-10-03T15:07:22.558083+00:00" hostname="biobb-runners"><testcase classname="biobb_pdb_tools.test.unitests.test_pdb_tools.test_pdb_chain.TestPdbChain" name="test_pdbchain" time="0.214" /><testcase classname="biobb_pdb_tools.test.unitests.test_pdb_tools.test_pdb_chainxseg.TestPdbChainxseg" name="test_chainxseg" time="0.195" /><testcase classname="biobb_pdb_tools.test.unitests.test_pdb_tools.test_pdb_delhetatm.TestPdbdelhetatm" name="test_delhetatm" time="0.187" /><testcase classname="biobb_pdb_tools.test.unitests.test_pdb_tools.test_pdb_fetch.TestPdbFetch" name="test_pdbfetch" time="2.869" /><testcase classname="biobb_pdb_tools.test.unitests.test_pdb_tools.test_pdb_merge.TestPdbMerge" name="test_pdbmerge" time="0.210" /><testcase classname="biobb_pdb_tools.test.unitests.test_pdb_tools.test_pdb_mkensemble.TestPdbMkensemble" name="test_mkensemble" time="0.218" /><testcase classname="biobb_pdb_tools.test.unitests.test_pdb_tools.test_pdb_reres.TestPdbreres" name="test_pdbreres" time="0.305" /><testcase classname="biobb_pdb_tools.test.unitests.test_pdb_tools.test_pdb_seg.TestPdbseg" name="test_pdbseg" time="0.498" /><testcase classname="biobb_pdb_tools.test.unitests.test_pdb_tools.test_pdb_splitmodel.TestPdbpdbsplitmodel" name="test_splitmodel" time="1.608" /><testcase classname="biobb_pdb_tools.test.unitests.test_pdb_tools.test_pdb_splitseg.TestPdbpdbsplitseg" name="test_splitseg" time="0.124" /><testcase classname="biobb_pdb_tools.test.unitests.test_pdb_tools.test_pdb_tidy.TestPdbTidy" name="test_pdbtidy" time="0.188" /><testcase classname="biobb_pdb_tools.test.unitests.test_pdb_tools.test_pdb_tofasta.TestPdbTidy" name="test_pdbtofasta" time="0.121" /><testcase classname="biobb_pdb_tools.test.unitests.test_pdb_tools.test_pdb_uniqname.TestPdbUniqname" name="test_pdbtofasta" time="0.161" /></testsuite></testsuites>