<?xml version="1.0" encoding="utf-8"?><testsuites><testsuite name="pytest" errors="0" failures="0" skipped="0" tests="13" time="8.425" timestamp="2024-11-04T11:30:16.690915+00:00" hostname="biobb-runners"><testcase classname="biobb_pdb_tools.test.unitests.test_pdb_tools.test_pdb_chain.TestPdbChain" name="test_pdbchain" time="0.295" /><testcase classname="biobb_pdb_tools.test.unitests.test_pdb_tools.test_pdb_chainxseg.TestPdbChainxseg" name="test_chainxseg" time="0.256" /><testcase classname="biobb_pdb_tools.test.unitests.test_pdb_tools.test_pdb_delhetatm.TestPdbdelhetatm" name="test_delhetatm" time="0.251" /><testcase classname="biobb_pdb_tools.test.unitests.test_pdb_tools.test_pdb_fetch.TestPdbFetch" name="test_pdbfetch" time="2.805" /><testcase classname="biobb_pdb_tools.test.unitests.test_pdb_tools.test_pdb_merge.TestPdbMerge" name="test_pdbmerge" time="0.274" /><testcase classname="biobb_pdb_tools.test.unitests.test_pdb_tools.test_pdb_mkensemble.TestPdbMkensemble" name="test_mkensemble" time="0.279" /><testcase classname="biobb_pdb_tools.test.unitests.test_pdb_tools.test_pdb_reres.TestPdbreres" name="test_pdbreres" time="0.257" /><testcase classname="biobb_pdb_tools.test.unitests.test_pdb_tools.test_pdb_seg.TestPdbseg" name="test_pdbseg" time="0.564" /><testcase classname="biobb_pdb_tools.test.unitests.test_pdb_tools.test_pdb_splitmodel.TestPdbpdbsplitmodel" name="test_splitmodel" time="1.450" /><testcase classname="biobb_pdb_tools.test.unitests.test_pdb_tools.test_pdb_splitseg.TestPdbpdbsplitseg" name="test_splitseg" time="0.204" /><testcase classname="biobb_pdb_tools.test.unitests.test_pdb_tools.test_pdb_tidy.TestPdbTidy" name="test_pdbtidy" time="0.263" /><testcase classname="biobb_pdb_tools.test.unitests.test_pdb_tools.test_pdb_tofasta.TestPdbTidy" name="test_pdbtofasta" time="0.197" /><testcase classname="biobb_pdb_tools.test.unitests.test_pdb_tools.test_pdb_uniqname.TestPdbUniqname" name="test_pdbtofasta" time="0.233" /></testsuite></testsuites>