<?xml version="1.0" encoding="utf-8"?><testsuites name="pytest tests"><testsuite name="pytest" errors="0" failures="0" skipped="0" tests="18" time="21.915" timestamp="2025-06-11T09:14:11.463451+00:00" hostname="github-actions.vm.mmb.pcb.ub.es"><testcase classname="biobb_pdb_tools.test.unitests.test_pdb_tools.test_pdb_chain.TestPdbChain" name="test_pdbchain" time="0.720" /><testcase classname="biobb_pdb_tools.test.unitests.test_pdb_tools.test_pdb_chainxseg.TestPdbChainxseg" name="test_chainxseg" time="0.684" /><testcase classname="biobb_pdb_tools.test.unitests.test_pdb_tools.test_pdb_delhetatm.TestPdbdelhetatm" name="test_delhetatm" time="0.697" /><testcase classname="biobb_pdb_tools.test.unitests.test_pdb_tools.test_pdb_fetch.TestPdbFetch" name="test_pdbfetch" time="3.567" /><testcase classname="biobb_pdb_tools.test.unitests.test_pdb_tools.test_pdb_fixinsert.TestFixInsert" name="test_pdb_fixinsert" time="2.093" /><testcase classname="biobb_pdb_tools.test.unitests.test_pdb_tools.test_pdb_keepcord.TestPdbKeepCoord" name="test_pdbkeepcoord" time="0.752" /><testcase classname="biobb_pdb_tools.test.unitests.test_pdb_tools.test_pdb_merge.TestPdbMerge" name="test_pdbmerge" time="0.726" /><testcase classname="biobb_pdb_tools.test.unitests.test_pdb_tools.test_pdb_mkensemble.TestPdbMkensemble" name="test_mkensemble" time="0.699" /><testcase classname="biobb_pdb_tools.test.unitests.test_pdb_tools.test_pdb_reres.TestPdbreres" name="test_pdbreres" time="0.675" /><testcase classname="biobb_pdb_tools.test.unitests.test_pdb_tools.test_pdb_seg.TestPdbseg" name="test_pdbseg" time="1.199" /><testcase classname="biobb_pdb_tools.test.unitests.test_pdb_tools.test_pdb_selaltloc.TestPdbSelAltLoc" name="test_pdbselaltloc" time="0.612" /><testcase classname="biobb_pdb_tools.test.unitests.test_pdb_tools.test_pdb_selchain.TestPdbSelChain" name="test_pdb_selchain" time="0.636" /><testcase classname="biobb_pdb_tools.test.unitests.test_pdb_tools.test_pdb_selres.TestPdbSelres" name="test_pdb_selres" time="0.565" /><testcase classname="biobb_pdb_tools.test.unitests.test_pdb_tools.test_pdb_splitmodel.TestPdbpdbsplitmodel" name="test_splitmodel" time="3.385" /><testcase classname="biobb_pdb_tools.test.unitests.test_pdb_tools.test_pdb_splitseg.TestPdbpdbsplitseg" name="test_splitseg" time="0.580" /><testcase classname="biobb_pdb_tools.test.unitests.test_pdb_tools.test_pdb_tidy.TestPdbTidy" name="test_pdbtidy" time="0.969" /><testcase classname="biobb_pdb_tools.test.unitests.test_pdb_tools.test_pdb_tofasta.TestPdbTidy" name="test_pdbtofasta" time="0.570" /><testcase classname="biobb_pdb_tools.test.unitests.test_pdb_tools.test_pdb_uniqname.TestPdbUniqname" name="test_pdbtofasta" time="0.638" /></testsuite></testsuites>