<?xml version="1.0" encoding="utf-8"?><testsuites><testsuite name="pytest" errors="0" failures="0" skipped="0" tests="12" time="5.614" timestamp="2023-11-13T15:47:37.743059" hostname="biobb-runners"><testcase classname="biobb_pdb_tools.test.unitests.test_pdb_tools.test_pdb_chain.TestPdbChain" name="test_pdbchain" time="0.174" /><testcase classname="biobb_pdb_tools.test.unitests.test_pdb_tools.test_pdb_chainxseg.TestPdbChainxseg" name="test_chainxseg" time="0.164" /><testcase classname="biobb_pdb_tools.test.unitests.test_pdb_tools.test_pdb_delhetatm.TestPdbdelhetatm" name="test_delhetatm" time="0.163" /><testcase classname="biobb_pdb_tools.test.unitests.test_pdb_tools.test_pdb_fetch.TestPdbFetch" name="test_pdbfetch" time="2.092" /><testcase classname="biobb_pdb_tools.test.unitests.test_pdb_tools.test_pdb_merge.TestPdbMerge" name="test_pdbmerge" time="0.170" /><testcase classname="biobb_pdb_tools.test.unitests.test_pdb_tools.test_pdb_mkensemble.TestPdbMkensemble" name="test_mkensemble" time="0.198" /><testcase classname="biobb_pdb_tools.test.unitests.test_pdb_tools.test_pdb_reres.TestPdbreres" name="test_pdbreres" time="0.267" /><testcase classname="biobb_pdb_tools.test.unitests.test_pdb_tools.test_pdb_seg.TestPdbseg" name="test_pdbseg" time="0.375" /><testcase classname="biobb_pdb_tools.test.unitests.test_pdb_tools.test_pdb_splitmodel.TestPdbpdbsplitmodel" name="test_splitmodel" time="1.204" /><testcase classname="biobb_pdb_tools.test.unitests.test_pdb_tools.test_pdb_splitseg.TestPdbpdbsplitseg" name="test_splitseg" time="0.120" /><testcase classname="biobb_pdb_tools.test.unitests.test_pdb_tools.test_pdb_tidy.TestPdbTidy" name="test_pdbtidy" time="0.170" /><testcase classname="biobb_pdb_tools.test.unitests.test_pdb_tools.test_pdb_tofasta.TestPdbTidy" name="test_pdbtofasta" time="0.112" /></testsuite></testsuites>