<?xml version="1.0" encoding="utf-8"?><testsuites name="pytest tests"><testsuite name="pytest" errors="0" failures="0" skipped="0" tests="18" time="21.108" timestamp="2025-06-06T13:04:50.144687+00:00" hostname="github-actions.vm.mmb.pcb.ub.es"><testcase classname="biobb_pdb_tools.test.unitests.test_pdb_tools.test_pdb_chain.TestPdbChain" name="test_pdbchain" time="0.728" /><testcase classname="biobb_pdb_tools.test.unitests.test_pdb_tools.test_pdb_chainxseg.TestPdbChainxseg" name="test_chainxseg" time="0.671" /><testcase classname="biobb_pdb_tools.test.unitests.test_pdb_tools.test_pdb_delhetatm.TestPdbdelhetatm" name="test_delhetatm" time="0.619" /><testcase classname="biobb_pdb_tools.test.unitests.test_pdb_tools.test_pdb_fetch.TestPdbFetch" name="test_pdbfetch" time="3.536" /><testcase classname="biobb_pdb_tools.test.unitests.test_pdb_tools.test_pdb_fixinsert.TestFixInsert" name="test_pdb_fixinsert" time="2.314" /><testcase classname="biobb_pdb_tools.test.unitests.test_pdb_tools.test_pdb_keepcord.TestPdbKeepCoord" name="test_pdbkeepcoord" time="0.627" /><testcase classname="biobb_pdb_tools.test.unitests.test_pdb_tools.test_pdb_merge.TestPdbMerge" name="test_pdbmerge" time="0.657" /><testcase classname="biobb_pdb_tools.test.unitests.test_pdb_tools.test_pdb_mkensemble.TestPdbMkensemble" name="test_mkensemble" time="0.823" /><testcase classname="biobb_pdb_tools.test.unitests.test_pdb_tools.test_pdb_reres.TestPdbreres" name="test_pdbreres" time="0.650" /><testcase classname="biobb_pdb_tools.test.unitests.test_pdb_tools.test_pdb_seg.TestPdbseg" name="test_pdbseg" time="1.303" /><testcase classname="biobb_pdb_tools.test.unitests.test_pdb_tools.test_pdb_selaltloc.TestPdbSelAltLoc" name="test_pdbselaltloc" time="0.580" /><testcase classname="biobb_pdb_tools.test.unitests.test_pdb_tools.test_pdb_selchain.TestPdbSelChain" name="test_pdb_selchain" time="0.593" /><testcase classname="biobb_pdb_tools.test.unitests.test_pdb_tools.test_pdb_selres.TestPdbSelres" name="test_pdb_selres" time="0.529" /><testcase classname="biobb_pdb_tools.test.unitests.test_pdb_tools.test_pdb_splitmodel.TestPdbpdbsplitmodel" name="test_splitmodel" time="3.596" /><testcase classname="biobb_pdb_tools.test.unitests.test_pdb_tools.test_pdb_splitseg.TestPdbpdbsplitseg" name="test_splitseg" time="0.533" /><testcase classname="biobb_pdb_tools.test.unitests.test_pdb_tools.test_pdb_tidy.TestPdbTidy" name="test_pdbtidy" time="0.695" /><testcase classname="biobb_pdb_tools.test.unitests.test_pdb_tools.test_pdb_tofasta.TestPdbTidy" name="test_pdbtofasta" time="0.555" /><testcase classname="biobb_pdb_tools.test.unitests.test_pdb_tools.test_pdb_uniqname.TestPdbUniqname" name="test_pdbtofasta" time="0.595" /></testsuite></testsuites>