<?xml version="1.0" encoding="utf-8"?><testsuites><testsuite name="pytest" errors="0" failures="0" skipped="0" tests="13" time="6.526" timestamp="2024-05-28T10:24:38.549408" hostname="biobb-runners"><testcase classname="biobb_pdb_tools.test.unitests.test_pdb_tools.test_pdb_chain.TestPdbChain" name="test_pdbchain" time="0.185" /><testcase classname="biobb_pdb_tools.test.unitests.test_pdb_tools.test_pdb_chainxseg.TestPdbChainxseg" name="test_chainxseg" time="0.272" /><testcase classname="biobb_pdb_tools.test.unitests.test_pdb_tools.test_pdb_delhetatm.TestPdbdelhetatm" name="test_delhetatm" time="0.175" /><testcase classname="biobb_pdb_tools.test.unitests.test_pdb_tools.test_pdb_fetch.TestPdbFetch" name="test_pdbfetch" time="2.189" /><testcase classname="biobb_pdb_tools.test.unitests.test_pdb_tools.test_pdb_merge.TestPdbMerge" name="test_pdbmerge" time="0.198" /><testcase classname="biobb_pdb_tools.test.unitests.test_pdb_tools.test_pdb_mkensemble.TestPdbMkensemble" name="test_mkensemble" time="0.205" /><testcase classname="biobb_pdb_tools.test.unitests.test_pdb_tools.test_pdb_reres.TestPdbreres" name="test_pdbreres" time="0.312" /><testcase classname="biobb_pdb_tools.test.unitests.test_pdb_tools.test_pdb_seg.TestPdbseg" name="test_pdbseg" time="0.439" /><testcase classname="biobb_pdb_tools.test.unitests.test_pdb_tools.test_pdb_splitmodel.TestPdbpdbsplitmodel" name="test_splitmodel" time="1.425" /><testcase classname="biobb_pdb_tools.test.unitests.test_pdb_tools.test_pdb_splitseg.TestPdbpdbsplitseg" name="test_splitseg" time="0.123" /><testcase classname="biobb_pdb_tools.test.unitests.test_pdb_tools.test_pdb_tidy.TestPdbTidy" name="test_pdbtidy" time="0.177" /><testcase classname="biobb_pdb_tools.test.unitests.test_pdb_tools.test_pdb_tofasta.TestPdbTidy" name="test_pdbtofasta" time="0.116" /><testcase classname="biobb_pdb_tools.test.unitests.test_pdb_tools.test_pdb_uniqname.TestPdbUniqname" name="test_pdbtofasta" time="0.156" /></testsuite></testsuites>